The system is: Darwin - 19.6.0 - x86_64
Compiling the C compiler identification source file "CMakeCCompilerId.c" succeeded.
Compiler: /Library/Developer/CommandLineTools/usr/bin/cc 
Build flags: 
Id flags:  

The output was:
0


Compilation of the C compiler identification source "CMakeCCompilerId.c" produced "a.out"

The C compiler identification is AppleClang, found in "/Users/raro0632/Documents/ORNL_PRACTICUM/SCAMPAM/standalone/build2/CMakeFiles/3.20.2/CompilerIdC/a.out"

Compiling the CXX compiler identification source file "CMakeCXXCompilerId.cpp" succeeded.
Compiler: /Library/Developer/CommandLineTools/usr/bin/c++ 
Build flags: -O3;-march=native;--std=c++11;-DPAM_DEBUG
Id flags:  

The output was:
0


Compilation of the CXX compiler identification source "CMakeCXXCompilerId.cpp" produced "a.out"

The CXX compiler identification is AppleClang, found in "/Users/raro0632/Documents/ORNL_PRACTICUM/SCAMPAM/standalone/build2/CMakeFiles/3.20.2/CompilerIdCXX/a.out"

Detecting C compiler ABI info compiled with the following output:
Change Dir: /Users/raro0632/Documents/ORNL_PRACTICUM/SCAMPAM/standalone/build2/CMakeFiles/CMakeTmp

Run Build Command(s):/usr/bin/make -f Makefile cmTC_f09bb/fast && /Library/Developer/CommandLineTools/usr/bin/make  -f CMakeFiles/cmTC_f09bb.dir/build.make CMakeFiles/cmTC_f09bb.dir/build
Building C object CMakeFiles/cmTC_f09bb.dir/CMakeCCompilerABI.c.o
/Library/Developer/CommandLineTools/usr/bin/cc   -isysroot /Library/Developer/CommandLineTools/SDKs/MacOSX11.1.sdk -mmacosx-version-min=10.15   -v -Wl,-v -MD -MT CMakeFiles/cmTC_f09bb.dir/CMakeCCompilerABI.c.o -MF CMakeFiles/cmTC_f09bb.dir/CMakeCCompilerABI.c.o.d -o CMakeFiles/cmTC_f09bb.dir/CMakeCCompilerABI.c.o -c /usr/local/Cellar/cmake/3.20.2/share/cmake/Modules/CMakeCCompilerABI.c
Apple clang version 12.0.0 (clang-1200.0.32.29)
Target: x86_64-apple-darwin19.6.0
Thread model: posix
InstalledDir: /Library/Developer/CommandLineTools/usr/bin
clang: warning: -Wl,-v: 'linker' input unused [-Wunused-command-line-argument]
 "/Library/Developer/CommandLineTools/usr/bin/clang" -cc1 -triple x86_64-apple-macosx10.15.0 -Wdeprecated-objc-isa-usage -Werror=deprecated-objc-isa-usage -Werror=implicit-function-declaration -emit-obj -mrelax-all -disable-free -disable-llvm-verifier -discard-value-names -main-file-name CMakeCCompilerABI.c -mrelocation-model pic -pic-level 2 -mthread-model posix -mframe-pointer=all -fno-strict-return -masm-verbose -munwind-tables -target-sdk-version=11.1 -target-cpu penryn -dwarf-column-info -debugger-tuning=lldb -target-linker-version 609.8 -v -resource-dir /Library/Developer/CommandLineTools/usr/lib/clang/12.0.0 -dependency-file CMakeFiles/cmTC_f09bb.dir/CMakeCCompilerABI.c.o.d -skip-unused-modulemap-deps -MT CMakeFiles/cmTC_f09bb.dir/CMakeCCompilerABI.c.o -sys-header-deps -isysroot /Library/Developer/CommandLineTools/SDKs/MacOSX11.1.sdk -internal-isystem /Library/Developer/CommandLineTools/SDKs/MacOSX11.1.sdk/usr/local/include -internal-isystem /Library/Developer/CommandLineTools/usr/lib/clang/12.0.0/include -internal-externc-isystem /Library/Developer/CommandLineTools/SDKs/MacOSX11.1.sdk/usr/include -internal-externc-isystem /Library/Developer/CommandLineTools/usr/include -Wno-reorder-init-list -Wno-implicit-int-float-conversion -Wno-c99-designator -Wno-final-dtor-non-final-class -Wno-extra-semi-stmt -Wno-misleading-indentation -Wno-quoted-include-in-framework-header -Wno-implicit-fallthrough -Wno-enum-enum-conversion -Wno-enum-float-conversion -fdebug-compilation-dir /Users/raro0632/Documents/ORNL_PRACTICUM/SCAMPAM/standalone/build2/CMakeFiles/CMakeTmp -ferror-limit 19 -fmessage-length 0 -stack-protector 1 -fstack-check -mdarwin-stkchk-strong-link -fblocks -fencode-extended-block-signature -fregister-global-dtors-with-atexit -fgnuc-version=4.2.1 -fobjc-runtime=macosx-10.15.0 -fmax-type-align=16 -fdiagnostics-show-option -o CMakeFiles/cmTC_f09bb.dir/CMakeCCompilerABI.c.o -x c /usr/local/Cellar/cmake/3.20.2/share/cmake/Modules/CMakeCCompilerABI.c
clang -cc1 version 12.0.0 (clang-1200.0.32.29) default target x86_64-apple-darwin19.6.0
ignoring nonexistent directory "/Library/Developer/CommandLineTools/SDKs/MacOSX11.1.sdk/usr/local/include"
ignoring nonexistent directory "/Library/Developer/CommandLineTools/SDKs/MacOSX11.1.sdk/Library/Frameworks"
#include "..." search starts here:
#include <...> search starts here:
 /Library/Developer/CommandLineTools/usr/lib/clang/12.0.0/include
 /Library/Developer/CommandLineTools/SDKs/MacOSX11.1.sdk/usr/include
 /Library/Developer/CommandLineTools/usr/include
 /Library/Developer/CommandLineTools/SDKs/MacOSX11.1.sdk/System/Library/Frameworks (framework directory)
End of search list.
Linking C executable cmTC_f09bb
/usr/local/Cellar/cmake/3.20.2/bin/cmake -E cmake_link_script CMakeFiles/cmTC_f09bb.dir/link.txt --verbose=1
/Library/Developer/CommandLineTools/usr/bin/cc  -isysroot /Library/Developer/CommandLineTools/SDKs/MacOSX11.1.sdk -mmacosx-version-min=10.15 -Wl,-search_paths_first -Wl,-headerpad_max_install_names  -v -Wl,-v CMakeFiles/cmTC_f09bb.dir/CMakeCCompilerABI.c.o -o cmTC_f09bb 
Apple clang version 12.0.0 (clang-1200.0.32.29)
Target: x86_64-apple-darwin19.6.0
Thread model: posix
InstalledDir: /Library/Developer/CommandLineTools/usr/bin
 "/Library/Developer/CommandLineTools/usr/bin/ld" -demangle -lto_library /Library/Developer/CommandLineTools/usr/lib/libLTO.dylib -dynamic -arch x86_64 -platform_version macos 10.15.0 11.1 -syslibroot /Library/Developer/CommandLineTools/SDKs/MacOSX11.1.sdk -o cmTC_f09bb -search_paths_first -headerpad_max_install_names -v CMakeFiles/cmTC_f09bb.dir/CMakeCCompilerABI.c.o -lSystem /Library/Developer/CommandLineTools/usr/lib/clang/12.0.0/lib/darwin/libclang_rt.osx.a
@(#)PROGRAM:ld  PROJECT:ld64-609.8
BUILD 15:07:46 Dec 18 2020
configured to support archs: armv6 armv7 armv7s arm64 arm64e arm64_32 i386 x86_64 x86_64h armv6m armv7k armv7m armv7em
Library search paths:
	/Library/Developer/CommandLineTools/SDKs/MacOSX11.1.sdk/usr/lib
Framework search paths:
	/Library/Developer/CommandLineTools/SDKs/MacOSX11.1.sdk/System/Library/Frameworks/



Parsed C implicit include dir info from above output: rv=done
  found start of include info
  found start of implicit include info
    add: [/Library/Developer/CommandLineTools/usr/lib/clang/12.0.0/include]
    add: [/Library/Developer/CommandLineTools/SDKs/MacOSX11.1.sdk/usr/include]
    add: [/Library/Developer/CommandLineTools/usr/include]
  end of search list found
  collapse include dir [/Library/Developer/CommandLineTools/usr/lib/clang/12.0.0/include] ==> [/Library/Developer/CommandLineTools/usr/lib/clang/12.0.0/include]
  collapse include dir [/Library/Developer/CommandLineTools/SDKs/MacOSX11.1.sdk/usr/include] ==> [/Library/Developer/CommandLineTools/SDKs/MacOSX11.1.sdk/usr/include]
  collapse include dir [/Library/Developer/CommandLineTools/usr/include] ==> [/Library/Developer/CommandLineTools/usr/include]
  implicit include dirs: [/Library/Developer/CommandLineTools/usr/lib/clang/12.0.0/include;/Library/Developer/CommandLineTools/SDKs/MacOSX11.1.sdk/usr/include;/Library/Developer/CommandLineTools/usr/include]


Parsed C implicit link information from above output:
  link line regex: [^( *|.*[/\])(ld|CMAKE_LINK_STARTFILE-NOTFOUND|([^/\]+-)?ld|collect2)[^/\]*( |$)]
  ignore line: [Change Dir: /Users/raro0632/Documents/ORNL_PRACTICUM/SCAMPAM/standalone/build2/CMakeFiles/CMakeTmp]
  ignore line: []
  ignore line: [Run Build Command(s):/usr/bin/make -f Makefile cmTC_f09bb/fast && /Library/Developer/CommandLineTools/usr/bin/make  -f CMakeFiles/cmTC_f09bb.dir/build.make CMakeFiles/cmTC_f09bb.dir/build]
  ignore line: [Building C object CMakeFiles/cmTC_f09bb.dir/CMakeCCompilerABI.c.o]
  ignore line: [/Library/Developer/CommandLineTools/usr/bin/cc   -isysroot /Library/Developer/CommandLineTools/SDKs/MacOSX11.1.sdk -mmacosx-version-min=10.15   -v -Wl -v -MD -MT CMakeFiles/cmTC_f09bb.dir/CMakeCCompilerABI.c.o -MF CMakeFiles/cmTC_f09bb.dir/CMakeCCompilerABI.c.o.d -o CMakeFiles/cmTC_f09bb.dir/CMakeCCompilerABI.c.o -c /usr/local/Cellar/cmake/3.20.2/share/cmake/Modules/CMakeCCompilerABI.c]
  ignore line: [Apple clang version 12.0.0 (clang-1200.0.32.29)]
  ignore line: [Target: x86_64-apple-darwin19.6.0]
  ignore line: [Thread model: posix]
  ignore line: [InstalledDir: /Library/Developer/CommandLineTools/usr/bin]
  ignore line: [clang: warning: -Wl -v: 'linker' input unused [-Wunused-command-line-argument]]
  ignore line: [ "/Library/Developer/CommandLineTools/usr/bin/clang" -cc1 -triple x86_64-apple-macosx10.15.0 -Wdeprecated-objc-isa-usage -Werror=deprecated-objc-isa-usage -Werror=implicit-function-declaration -emit-obj -mrelax-all -disable-free -disable-llvm-verifier -discard-value-names -main-file-name CMakeCCompilerABI.c -mrelocation-model pic -pic-level 2 -mthread-model posix -mframe-pointer=all -fno-strict-return -masm-verbose -munwind-tables -target-sdk-version=11.1 -target-cpu penryn -dwarf-column-info -debugger-tuning=lldb -target-linker-version 609.8 -v -resource-dir /Library/Developer/CommandLineTools/usr/lib/clang/12.0.0 -dependency-file CMakeFiles/cmTC_f09bb.dir/CMakeCCompilerABI.c.o.d -skip-unused-modulemap-deps -MT CMakeFiles/cmTC_f09bb.dir/CMakeCCompilerABI.c.o -sys-header-deps -isysroot /Library/Developer/CommandLineTools/SDKs/MacOSX11.1.sdk -internal-isystem /Library/Developer/CommandLineTools/SDKs/MacOSX11.1.sdk/usr/local/include -internal-isystem /Library/Developer/CommandLineTools/usr/lib/clang/12.0.0/include -internal-externc-isystem /Library/Developer/CommandLineTools/SDKs/MacOSX11.1.sdk/usr/include -internal-externc-isystem /Library/Developer/CommandLineTools/usr/include -Wno-reorder-init-list -Wno-implicit-int-float-conversion -Wno-c99-designator -Wno-final-dtor-non-final-class -Wno-extra-semi-stmt -Wno-misleading-indentation -Wno-quoted-include-in-framework-header -Wno-implicit-fallthrough -Wno-enum-enum-conversion -Wno-enum-float-conversion -fdebug-compilation-dir /Users/raro0632/Documents/ORNL_PRACTICUM/SCAMPAM/standalone/build2/CMakeFiles/CMakeTmp -ferror-limit 19 -fmessage-length 0 -stack-protector 1 -fstack-check -mdarwin-stkchk-strong-link -fblocks -fencode-extended-block-signature -fregister-global-dtors-with-atexit -fgnuc-version=4.2.1 -fobjc-runtime=macosx-10.15.0 -fmax-type-align=16 -fdiagnostics-show-option -o CMakeFiles/cmTC_f09bb.dir/CMakeCCompilerABI.c.o -x c /usr/local/Cellar/cmake/3.20.2/share/cmake/Modules/CMakeCCompilerABI.c]
  ignore line: [clang -cc1 version 12.0.0 (clang-1200.0.32.29) default target x86_64-apple-darwin19.6.0]
  ignore line: [ignoring nonexistent directory "/Library/Developer/CommandLineTools/SDKs/MacOSX11.1.sdk/usr/local/include"]
  ignore line: [ignoring nonexistent directory "/Library/Developer/CommandLineTools/SDKs/MacOSX11.1.sdk/Library/Frameworks"]
  ignore line: [#include "..." search starts here:]
  ignore line: [#include <...> search starts here:]
  ignore line: [ /Library/Developer/CommandLineTools/usr/lib/clang/12.0.0/include]
  ignore line: [ /Library/Developer/CommandLineTools/SDKs/MacOSX11.1.sdk/usr/include]
  ignore line: [ /Library/Developer/CommandLineTools/usr/include]
  ignore line: [ /Library/Developer/CommandLineTools/SDKs/MacOSX11.1.sdk/System/Library/Frameworks (framework directory)]
  ignore line: [End of search list.]
  ignore line: [Linking C executable cmTC_f09bb]
  ignore line: [/usr/local/Cellar/cmake/3.20.2/bin/cmake -E cmake_link_script CMakeFiles/cmTC_f09bb.dir/link.txt --verbose=1]
  ignore line: [/Library/Developer/CommandLineTools/usr/bin/cc  -isysroot /Library/Developer/CommandLineTools/SDKs/MacOSX11.1.sdk -mmacosx-version-min=10.15 -Wl -search_paths_first -Wl -headerpad_max_install_names  -v -Wl -v CMakeFiles/cmTC_f09bb.dir/CMakeCCompilerABI.c.o -o cmTC_f09bb ]
  ignore line: [Apple clang version 12.0.0 (clang-1200.0.32.29)]
  ignore line: [Target: x86_64-apple-darwin19.6.0]
  ignore line: [Thread model: posix]
  ignore line: [InstalledDir: /Library/Developer/CommandLineTools/usr/bin]
  link line: [ "/Library/Developer/CommandLineTools/usr/bin/ld" -demangle -lto_library /Library/Developer/CommandLineTools/usr/lib/libLTO.dylib -dynamic -arch x86_64 -platform_version macos 10.15.0 11.1 -syslibroot /Library/Developer/CommandLineTools/SDKs/MacOSX11.1.sdk -o cmTC_f09bb -search_paths_first -headerpad_max_install_names -v CMakeFiles/cmTC_f09bb.dir/CMakeCCompilerABI.c.o -lSystem /Library/Developer/CommandLineTools/usr/lib/clang/12.0.0/lib/darwin/libclang_rt.osx.a]
    arg [/Library/Developer/CommandLineTools/usr/bin/ld] ==> ignore
    arg [-demangle] ==> ignore
    arg [-lto_library] ==> ignore, skip following value
    arg [/Library/Developer/CommandLineTools/usr/lib/libLTO.dylib] ==> skip value of -lto_library
    arg [-dynamic] ==> ignore
    arg [-arch] ==> ignore
    arg [x86_64] ==> ignore
    arg [-platform_version] ==> ignore
    arg [macos] ==> ignore
    arg [10.15.0] ==> ignore
    arg [11.1] ==> ignore
    arg [-syslibroot] ==> ignore
    arg [/Library/Developer/CommandLineTools/SDKs/MacOSX11.1.sdk] ==> ignore
    arg [-o] ==> ignore
    arg [cmTC_f09bb] ==> ignore
    arg [-search_paths_first] ==> ignore
    arg [-headerpad_max_install_names] ==> ignore
    arg [-v] ==> ignore
    arg [CMakeFiles/cmTC_f09bb.dir/CMakeCCompilerABI.c.o] ==> ignore
    arg [-lSystem] ==> lib [System]
    arg [/Library/Developer/CommandLineTools/usr/lib/clang/12.0.0/lib/darwin/libclang_rt.osx.a] ==> lib [/Library/Developer/CommandLineTools/usr/lib/clang/12.0.0/lib/darwin/libclang_rt.osx.a]
  Library search paths: [;/Library/Developer/CommandLineTools/SDKs/MacOSX11.1.sdk/usr/lib]
  Framework search paths: [;/Library/Developer/CommandLineTools/SDKs/MacOSX11.1.sdk/System/Library/Frameworks/]
  remove lib [System]
  remove lib [/Library/Developer/CommandLineTools/usr/lib/clang/12.0.0/lib/darwin/libclang_rt.osx.a]
  collapse library dir [/Library/Developer/CommandLineTools/SDKs/MacOSX11.1.sdk/usr/lib] ==> [/Library/Developer/CommandLineTools/SDKs/MacOSX11.1.sdk/usr/lib]
  collapse framework dir [/Library/Developer/CommandLineTools/SDKs/MacOSX11.1.sdk/System/Library/Frameworks/] ==> [/Library/Developer/CommandLineTools/SDKs/MacOSX11.1.sdk/System/Library/Frameworks]
  implicit libs: []
  implicit objs: []
  implicit dirs: [/Library/Developer/CommandLineTools/SDKs/MacOSX11.1.sdk/usr/lib]
  implicit fwks: [/Library/Developer/CommandLineTools/SDKs/MacOSX11.1.sdk/System/Library/Frameworks]


Detecting CXX compiler ABI info compiled with the following output:
Change Dir: /Users/raro0632/Documents/ORNL_PRACTICUM/SCAMPAM/standalone/build2/CMakeFiles/CMakeTmp

Run Build Command(s):/usr/bin/make -f Makefile cmTC_1b723/fast && /Library/Developer/CommandLineTools/usr/bin/make  -f CMakeFiles/cmTC_1b723.dir/build.make CMakeFiles/cmTC_1b723.dir/build
Building CXX object CMakeFiles/cmTC_1b723.dir/CMakeCXXCompilerABI.cpp.o
/Library/Developer/CommandLineTools/usr/bin/c++   -O3 -march=native --std=c++11 -DPAM_DEBUG  -isysroot /Library/Developer/CommandLineTools/SDKs/MacOSX11.1.sdk -mmacosx-version-min=10.15   -v -Wl,-v -MD -MT CMakeFiles/cmTC_1b723.dir/CMakeCXXCompilerABI.cpp.o -MF CMakeFiles/cmTC_1b723.dir/CMakeCXXCompilerABI.cpp.o.d -o CMakeFiles/cmTC_1b723.dir/CMakeCXXCompilerABI.cpp.o -c /usr/local/Cellar/cmake/3.20.2/share/cmake/Modules/CMakeCXXCompilerABI.cpp
Apple clang version 12.0.0 (clang-1200.0.32.29)
Target: x86_64-apple-darwin19.6.0
Thread model: posix
InstalledDir: /Library/Developer/CommandLineTools/usr/bin
clang: warning: -Wl,-v: 'linker' input unused [-Wunused-command-line-argument]
ignoring nonexistent directory "/Library/Developer/CommandLineTools/SDKs/MacOSX11.1.sdk/usr/include/c++/v1"
 "/Library/Developer/CommandLineTools/usr/bin/clang" -cc1 -triple x86_64-apple-macosx10.15.0 -Wdeprecated-objc-isa-usage -Werror=deprecated-objc-isa-usage -Werror=implicit-function-declaration -emit-obj -disable-free -disable-llvm-verifier -discard-value-names -main-file-name CMakeCXXCompilerABI.cpp -mrelocation-model pic -pic-level 2 -mthread-model posix -mframe-pointer=all -fno-strict-return -masm-verbose -munwind-tables -target-sdk-version=11.1 -target-cpu skylake -target-feature +sse2 -target-feature +cx16 -target-feature +sahf -target-feature -tbm -target-feature -avx512ifma -target-feature -sha -target-feature -gfni -target-feature -fma4 -target-feature -vpclmulqdq -target-feature +prfchw -target-feature +bmi2 -target-feature -cldemote -target-feature +fsgsbase -target-feature -ptwrite -target-feature +xsavec -target-feature +popcnt -target-feature +aes -target-feature -avx512bitalg -target-feature -movdiri -target-feature +xsaves -target-feature -avx512er -target-feature -avx512vnni -target-feature -avx512vpopcntdq -target-feature -pconfig -target-feature -clwb -target-feature -avx512f -target-feature -clzero -target-feature -pku -target-feature +mmx -target-feature -lwp -target-feature -rdpid -target-feature -xop -target-feature +rdseed -target-feature -waitpkg -target-feature -movdir64b -target-feature -sse4a -target-feature -avx512bw -target-feature +clflushopt -target-feature +xsave -target-feature -avx512vbmi2 -target-feature +64bit -target-feature -avx512vl -target-feature +invpcid -target-feature -avx512cd -target-feature +avx -target-feature -vaes -target-feature +cx8 -target-feature +fma -target-feature -rtm -target-feature +bmi -target-feature -enqcmd -target-feature +rdrnd -target-feature -mwaitx -target-feature +sse4.1 -target-feature +sse4.2 -target-feature +avx2 -target-feature +fxsr -target-feature -wbnoinvd -target-feature +sse -target-feature +lzcnt -target-feature +pclmul -target-feature -prefetchwt1 -target-feature +f16c -target-feature +ssse3 -target-feature +sgx -target-feature -shstk -target-feature +cmov -target-feature -avx512vbmi -target-feature -avx512bf16 -target-feature +movbe -target-feature +xsaveopt -target-feature -avx512dq -target-feature +adx -target-feature -avx512pf -target-feature +sse3 -dwarf-column-info -debugger-tuning=lldb -target-linker-version 609.8 -v -resource-dir /Library/Developer/CommandLineTools/usr/lib/clang/12.0.0 -dependency-file CMakeFiles/cmTC_1b723.dir/CMakeCXXCompilerABI.cpp.o.d -skip-unused-modulemap-deps -MT CMakeFiles/cmTC_1b723.dir/CMakeCXXCompilerABI.cpp.o -sys-header-deps -isysroot /Library/Developer/CommandLineTools/SDKs/MacOSX11.1.sdk -D PAM_DEBUG -stdlib=libc++ -internal-isystem /Library/Developer/CommandLineTools/usr/bin/../include/c++/v1 -internal-isystem /Library/Developer/CommandLineTools/SDKs/MacOSX11.1.sdk/usr/local/include -internal-isystem /Library/Developer/CommandLineTools/usr/lib/clang/12.0.0/include -internal-externc-isystem /Library/Developer/CommandLineTools/SDKs/MacOSX11.1.sdk/usr/include -internal-externc-isystem /Library/Developer/CommandLineTools/usr/include -O3 -Wno-reorder-init-list -Wno-implicit-int-float-conversion -Wno-c99-designator -Wno-final-dtor-non-final-class -Wno-extra-semi-stmt -Wno-misleading-indentation -Wno-quoted-include-in-framework-header -Wno-implicit-fallthrough -Wno-enum-enum-conversion -Wno-enum-float-conversion --std=c++11 -fdeprecated-macro -fdebug-compilation-dir /Users/raro0632/Documents/ORNL_PRACTICUM/SCAMPAM/standalone/build2/CMakeFiles/CMakeTmp -ferror-limit 19 -fmessage-length 0 -stack-protector 1 -fstack-check -mdarwin-stkchk-strong-link -fblocks -fencode-extended-block-signature -fregister-global-dtors-with-atexit -fgnuc-version=4.2.1 -fobjc-runtime=macosx-10.15.0 -fcxx-exceptions -fexceptions -fmax-type-align=16 -fdiagnostics-show-option -vectorize-loops -vectorize-slp -o CMakeFiles/cmTC_1b723.dir/CMakeCXXCompilerABI.cpp.o -x c++ /usr/local/Cellar/cmake/3.20.2/share/cmake/Modules/CMakeCXXCompilerABI.cpp
clang -cc1 version 12.0.0 (clang-1200.0.32.29) default target x86_64-apple-darwin19.6.0
ignoring nonexistent directory "/Library/Developer/CommandLineTools/SDKs/MacOSX11.1.sdk/usr/local/include"
ignoring nonexistent directory "/Library/Developer/CommandLineTools/SDKs/MacOSX11.1.sdk/Library/Frameworks"
#include "..." search starts here:
#include <...> search starts here:
 /Library/Developer/CommandLineTools/usr/bin/../include/c++/v1
 /Library/Developer/CommandLineTools/usr/lib/clang/12.0.0/include
 /Library/Developer/CommandLineTools/SDKs/MacOSX11.1.sdk/usr/include
 /Library/Developer/CommandLineTools/usr/include
 /Library/Developer/CommandLineTools/SDKs/MacOSX11.1.sdk/System/Library/Frameworks (framework directory)
End of search list.
Linking CXX executable cmTC_1b723
/usr/local/Cellar/cmake/3.20.2/bin/cmake -E cmake_link_script CMakeFiles/cmTC_1b723.dir/link.txt --verbose=1
/Library/Developer/CommandLineTools/usr/bin/c++ -O3 -march=native --std=c++11 -DPAM_DEBUG  -isysroot /Library/Developer/CommandLineTools/SDKs/MacOSX11.1.sdk -mmacosx-version-min=10.15 -Wl,-search_paths_first -Wl,-headerpad_max_install_names  -v -Wl,-v CMakeFiles/cmTC_1b723.dir/CMakeCXXCompilerABI.cpp.o -o cmTC_1b723 
Apple clang version 12.0.0 (clang-1200.0.32.29)
Target: x86_64-apple-darwin19.6.0
Thread model: posix
InstalledDir: /Library/Developer/CommandLineTools/usr/bin
 "/Library/Developer/CommandLineTools/usr/bin/ld" -demangle -lto_library /Library/Developer/CommandLineTools/usr/lib/libLTO.dylib -dynamic -arch x86_64 -platform_version macos 10.15.0 11.1 -syslibroot /Library/Developer/CommandLineTools/SDKs/MacOSX11.1.sdk -o cmTC_1b723 -search_paths_first -headerpad_max_install_names -v CMakeFiles/cmTC_1b723.dir/CMakeCXXCompilerABI.cpp.o -lc++ -lSystem /Library/Developer/CommandLineTools/usr/lib/clang/12.0.0/lib/darwin/libclang_rt.osx.a
@(#)PROGRAM:ld  PROJECT:ld64-609.8
BUILD 15:07:46 Dec 18 2020
configured to support archs: armv6 armv7 armv7s arm64 arm64e arm64_32 i386 x86_64 x86_64h armv6m armv7k armv7m armv7em
Library search paths:
	/Library/Developer/CommandLineTools/SDKs/MacOSX11.1.sdk/usr/lib
Framework search paths:
	/Library/Developer/CommandLineTools/SDKs/MacOSX11.1.sdk/System/Library/Frameworks/



Parsed CXX implicit include dir info from above output: rv=done
  found start of include info
  found start of implicit include info
    add: [/Library/Developer/CommandLineTools/usr/bin/../include/c++/v1]
    add: [/Library/Developer/CommandLineTools/usr/lib/clang/12.0.0/include]
    add: [/Library/Developer/CommandLineTools/SDKs/MacOSX11.1.sdk/usr/include]
    add: [/Library/Developer/CommandLineTools/usr/include]
  end of search list found
  collapse include dir [/Library/Developer/CommandLineTools/usr/bin/../include/c++/v1] ==> [/Library/Developer/CommandLineTools/usr/include/c++/v1]
  collapse include dir [/Library/Developer/CommandLineTools/usr/lib/clang/12.0.0/include] ==> [/Library/Developer/CommandLineTools/usr/lib/clang/12.0.0/include]
  collapse include dir [/Library/Developer/CommandLineTools/SDKs/MacOSX11.1.sdk/usr/include] ==> [/Library/Developer/CommandLineTools/SDKs/MacOSX11.1.sdk/usr/include]
  collapse include dir [/Library/Developer/CommandLineTools/usr/include] ==> [/Library/Developer/CommandLineTools/usr/include]
  implicit include dirs: [/Library/Developer/CommandLineTools/usr/include/c++/v1;/Library/Developer/CommandLineTools/usr/lib/clang/12.0.0/include;/Library/Developer/CommandLineTools/SDKs/MacOSX11.1.sdk/usr/include;/Library/Developer/CommandLineTools/usr/include]


Parsed CXX implicit link information from above output:
  link line regex: [^( *|.*[/\])(ld|CMAKE_LINK_STARTFILE-NOTFOUND|([^/\]+-)?ld|collect2)[^/\]*( |$)]
  ignore line: [Change Dir: /Users/raro0632/Documents/ORNL_PRACTICUM/SCAMPAM/standalone/build2/CMakeFiles/CMakeTmp]
  ignore line: []
  ignore line: [Run Build Command(s):/usr/bin/make -f Makefile cmTC_1b723/fast && /Library/Developer/CommandLineTools/usr/bin/make  -f CMakeFiles/cmTC_1b723.dir/build.make CMakeFiles/cmTC_1b723.dir/build]
  ignore line: [Building CXX object CMakeFiles/cmTC_1b723.dir/CMakeCXXCompilerABI.cpp.o]
  ignore line: [/Library/Developer/CommandLineTools/usr/bin/c++   -O3 -march=native --std=c++11 -DPAM_DEBUG  -isysroot /Library/Developer/CommandLineTools/SDKs/MacOSX11.1.sdk -mmacosx-version-min=10.15   -v -Wl -v -MD -MT CMakeFiles/cmTC_1b723.dir/CMakeCXXCompilerABI.cpp.o -MF CMakeFiles/cmTC_1b723.dir/CMakeCXXCompilerABI.cpp.o.d -o CMakeFiles/cmTC_1b723.dir/CMakeCXXCompilerABI.cpp.o -c /usr/local/Cellar/cmake/3.20.2/share/cmake/Modules/CMakeCXXCompilerABI.cpp]
  ignore line: [Apple clang version 12.0.0 (clang-1200.0.32.29)]
  ignore line: [Target: x86_64-apple-darwin19.6.0]
  ignore line: [Thread model: posix]
  ignore line: [InstalledDir: /Library/Developer/CommandLineTools/usr/bin]
  ignore line: [clang: warning: -Wl -v: 'linker' input unused [-Wunused-command-line-argument]]
  ignore line: [ignoring nonexistent directory "/Library/Developer/CommandLineTools/SDKs/MacOSX11.1.sdk/usr/include/c++/v1"]
  ignore line: [ "/Library/Developer/CommandLineTools/usr/bin/clang" -cc1 -triple x86_64-apple-macosx10.15.0 -Wdeprecated-objc-isa-usage -Werror=deprecated-objc-isa-usage -Werror=implicit-function-declaration -emit-obj -disable-free -disable-llvm-verifier -discard-value-names -main-file-name CMakeCXXCompilerABI.cpp -mrelocation-model pic -pic-level 2 -mthread-model posix -mframe-pointer=all -fno-strict-return -masm-verbose -munwind-tables -target-sdk-version=11.1 -target-cpu skylake -target-feature +sse2 -target-feature +cx16 -target-feature +sahf -target-feature -tbm -target-feature -avx512ifma -target-feature -sha -target-feature -gfni -target-feature -fma4 -target-feature -vpclmulqdq -target-feature +prfchw -target-feature +bmi2 -target-feature -cldemote -target-feature +fsgsbase -target-feature -ptwrite -target-feature +xsavec -target-feature +popcnt -target-feature +aes -target-feature -avx512bitalg -target-feature -movdiri -target-feature +xsaves -target-feature -avx512er -target-feature -avx512vnni -target-feature -avx512vpopcntdq -target-feature -pconfig -target-feature -clwb -target-feature -avx512f -target-feature -clzero -target-feature -pku -target-feature +mmx -target-feature -lwp -target-feature -rdpid -target-feature -xop -target-feature +rdseed -target-feature -waitpkg -target-feature -movdir64b -target-feature -sse4a -target-feature -avx512bw -target-feature +clflushopt -target-feature +xsave -target-feature -avx512vbmi2 -target-feature +64bit -target-feature -avx512vl -target-feature +invpcid -target-feature -avx512cd -target-feature +avx -target-feature -vaes -target-feature +cx8 -target-feature +fma -target-feature -rtm -target-feature +bmi -target-feature -enqcmd -target-feature +rdrnd -target-feature -mwaitx -target-feature +sse4.1 -target-feature +sse4.2 -target-feature +avx2 -target-feature +fxsr -target-feature -wbnoinvd -target-feature +sse -target-feature +lzcnt -target-feature +pclmul -target-feature -prefetchwt1 -target-feature +f16c -target-feature +ssse3 -target-feature +sgx -target-feature -shstk -target-feature +cmov -target-feature -avx512vbmi -target-feature -avx512bf16 -target-feature +movbe -target-feature +xsaveopt -target-feature -avx512dq -target-feature +adx -target-feature -avx512pf -target-feature +sse3 -dwarf-column-info -debugger-tuning=lldb -target-linker-version 609.8 -v -resource-dir /Library/Developer/CommandLineTools/usr/lib/clang/12.0.0 -dependency-file CMakeFiles/cmTC_1b723.dir/CMakeCXXCompilerABI.cpp.o.d -skip-unused-modulemap-deps -MT CMakeFiles/cmTC_1b723.dir/CMakeCXXCompilerABI.cpp.o -sys-header-deps -isysroot /Library/Developer/CommandLineTools/SDKs/MacOSX11.1.sdk -D PAM_DEBUG -stdlib=libc++ -internal-isystem /Library/Developer/CommandLineTools/usr/bin/../include/c++/v1 -internal-isystem /Library/Developer/CommandLineTools/SDKs/MacOSX11.1.sdk/usr/local/include -internal-isystem /Library/Developer/CommandLineTools/usr/lib/clang/12.0.0/include -internal-externc-isystem /Library/Developer/CommandLineTools/SDKs/MacOSX11.1.sdk/usr/include -internal-externc-isystem /Library/Developer/CommandLineTools/usr/include -O3 -Wno-reorder-init-list -Wno-implicit-int-float-conversion -Wno-c99-designator -Wno-final-dtor-non-final-class -Wno-extra-semi-stmt -Wno-misleading-indentation -Wno-quoted-include-in-framework-header -Wno-implicit-fallthrough -Wno-enum-enum-conversion -Wno-enum-float-conversion --std=c++11 -fdeprecated-macro -fdebug-compilation-dir /Users/raro0632/Documents/ORNL_PRACTICUM/SCAMPAM/standalone/build2/CMakeFiles/CMakeTmp -ferror-limit 19 -fmessage-length 0 -stack-protector 1 -fstack-check -mdarwin-stkchk-strong-link -fblocks -fencode-extended-block-signature -fregister-global-dtors-with-atexit -fgnuc-version=4.2.1 -fobjc-runtime=macosx-10.15.0 -fcxx-exceptions -fexceptions -fmax-type-align=16 -fdiagnostics-show-option -vectorize-loops -vectorize-slp -o CMakeFiles/cmTC_1b723.dir/CMakeCXXCompilerABI.cpp.o -x c++ /usr/local/Cellar/cmake/3.20.2/share/cmake/Modules/CMakeCXXCompilerABI.cpp]
  ignore line: [clang -cc1 version 12.0.0 (clang-1200.0.32.29) default target x86_64-apple-darwin19.6.0]
  ignore line: [ignoring nonexistent directory "/Library/Developer/CommandLineTools/SDKs/MacOSX11.1.sdk/usr/local/include"]
  ignore line: [ignoring nonexistent directory "/Library/Developer/CommandLineTools/SDKs/MacOSX11.1.sdk/Library/Frameworks"]
  ignore line: [#include "..." search starts here:]
  ignore line: [#include <...> search starts here:]
  ignore line: [ /Library/Developer/CommandLineTools/usr/bin/../include/c++/v1]
  ignore line: [ /Library/Developer/CommandLineTools/usr/lib/clang/12.0.0/include]
  ignore line: [ /Library/Developer/CommandLineTools/SDKs/MacOSX11.1.sdk/usr/include]
  ignore line: [ /Library/Developer/CommandLineTools/usr/include]
  ignore line: [ /Library/Developer/CommandLineTools/SDKs/MacOSX11.1.sdk/System/Library/Frameworks (framework directory)]
  ignore line: [End of search list.]
  ignore line: [Linking CXX executable cmTC_1b723]
  ignore line: [/usr/local/Cellar/cmake/3.20.2/bin/cmake -E cmake_link_script CMakeFiles/cmTC_1b723.dir/link.txt --verbose=1]
  ignore line: [/Library/Developer/CommandLineTools/usr/bin/c++ -O3 -march=native --std=c++11 -DPAM_DEBUG  -isysroot /Library/Developer/CommandLineTools/SDKs/MacOSX11.1.sdk -mmacosx-version-min=10.15 -Wl -search_paths_first -Wl -headerpad_max_install_names  -v -Wl -v CMakeFiles/cmTC_1b723.dir/CMakeCXXCompilerABI.cpp.o -o cmTC_1b723 ]
  ignore line: [Apple clang version 12.0.0 (clang-1200.0.32.29)]
  ignore line: [Target: x86_64-apple-darwin19.6.0]
  ignore line: [Thread model: posix]
  ignore line: [InstalledDir: /Library/Developer/CommandLineTools/usr/bin]
  link line: [ "/Library/Developer/CommandLineTools/usr/bin/ld" -demangle -lto_library /Library/Developer/CommandLineTools/usr/lib/libLTO.dylib -dynamic -arch x86_64 -platform_version macos 10.15.0 11.1 -syslibroot /Library/Developer/CommandLineTools/SDKs/MacOSX11.1.sdk -o cmTC_1b723 -search_paths_first -headerpad_max_install_names -v CMakeFiles/cmTC_1b723.dir/CMakeCXXCompilerABI.cpp.o -lc++ -lSystem /Library/Developer/CommandLineTools/usr/lib/clang/12.0.0/lib/darwin/libclang_rt.osx.a]
    arg [/Library/Developer/CommandLineTools/usr/bin/ld] ==> ignore
    arg [-demangle] ==> ignore
    arg [-lto_library] ==> ignore, skip following value
    arg [/Library/Developer/CommandLineTools/usr/lib/libLTO.dylib] ==> skip value of -lto_library
    arg [-dynamic] ==> ignore
    arg [-arch] ==> ignore
    arg [x86_64] ==> ignore
    arg [-platform_version] ==> ignore
    arg [macos] ==> ignore
    arg [10.15.0] ==> ignore
    arg [11.1] ==> ignore
    arg [-syslibroot] ==> ignore
    arg [/Library/Developer/CommandLineTools/SDKs/MacOSX11.1.sdk] ==> ignore
    arg [-o] ==> ignore
    arg [cmTC_1b723] ==> ignore
    arg [-search_paths_first] ==> ignore
    arg [-headerpad_max_install_names] ==> ignore
    arg [-v] ==> ignore
    arg [CMakeFiles/cmTC_1b723.dir/CMakeCXXCompilerABI.cpp.o] ==> ignore
    arg [-lc++] ==> lib [c++]
    arg [-lSystem] ==> lib [System]
    arg [/Library/Developer/CommandLineTools/usr/lib/clang/12.0.0/lib/darwin/libclang_rt.osx.a] ==> lib [/Library/Developer/CommandLineTools/usr/lib/clang/12.0.0/lib/darwin/libclang_rt.osx.a]
  Library search paths: [;/Library/Developer/CommandLineTools/SDKs/MacOSX11.1.sdk/usr/lib]
  Framework search paths: [;/Library/Developer/CommandLineTools/SDKs/MacOSX11.1.sdk/System/Library/Frameworks/]
  remove lib [System]
  remove lib [/Library/Developer/CommandLineTools/usr/lib/clang/12.0.0/lib/darwin/libclang_rt.osx.a]
  collapse library dir [/Library/Developer/CommandLineTools/SDKs/MacOSX11.1.sdk/usr/lib] ==> [/Library/Developer/CommandLineTools/SDKs/MacOSX11.1.sdk/usr/lib]
  collapse framework dir [/Library/Developer/CommandLineTools/SDKs/MacOSX11.1.sdk/System/Library/Frameworks/] ==> [/Library/Developer/CommandLineTools/SDKs/MacOSX11.1.sdk/System/Library/Frameworks]
  implicit libs: [c++]
  implicit objs: []
  implicit dirs: [/Library/Developer/CommandLineTools/SDKs/MacOSX11.1.sdk/usr/lib]
  implicit fwks: [/Library/Developer/CommandLineTools/SDKs/MacOSX11.1.sdk/System/Library/Frameworks]


Compiling the Fortran compiler identification source file "CMakeFortranCompilerId.F" succeeded.
Compiler: /usr/local/bin/gfortran 
Build flags: -O3;-march=native
Id flags: -v 

The output was:
0
Driving: /usr/local/bin/gfortran -O3 -march=native -v CMakeFortranCompilerId.F -mmacosx-version-min=10.15.0 -asm_macosx_version_min=10.15 -l gfortran -shared-libgcc
Using built-in specs.
COLLECT_GCC=/usr/local/bin/gfortran
COLLECT_LTO_WRAPPER=/usr/local/Cellar/gcc/11.1.0/libexec/gcc/x86_64-apple-darwin19/11.1.0/lto-wrapper
Target: x86_64-apple-darwin19
Configured with: ../configure --prefix=/usr/local/Cellar/gcc/11.1.0 --libdir=/usr/local/Cellar/gcc/11.1.0/lib/gcc/11 --disable-nls --enable-checking=release --enable-languages=c,c++,objc,obj-c++,fortran --program-suffix=-11 --with-gmp=/usr/local/opt/gmp --with-mpfr=/usr/local/opt/mpfr --with-mpc=/usr/local/opt/libmpc --with-isl=/usr/local/opt/isl --with-pkgversion='Homebrew GCC 11.1.0' --with-bugurl=https://github.com/Homebrew/homebrew-core/issues --build=x86_64-apple-darwin19 --with-system-zlib --disable-multilib --with-native-system-header-dir=/usr/include --with-sysroot=/Library/Developer/CommandLineTools/SDKs/MacOSX10.15.sdk
Thread model: posix
Supported LTO compression algorithms: zlib
gcc version 11.1.0 (Homebrew GCC 11.1.0) 
COLLECT_GCC_OPTIONS='-O3' '-march=native' '-v' '-mmacosx-version-min=10.15.0' '-asm_macosx_version_min=10.15' '-shared-libgcc' '-dumpdir' 'a-'
 /usr/local/Cellar/gcc/11.1.0/libexec/gcc/x86_64-apple-darwin19/11.1.0/f951 CMakeFortranCompilerId.F -ffixed-form -cpp=/var/folders/mx/nd9vs4tj1tldpzfxthlhm0vwlpnn7g/T//ccEHropg.f90 -quiet -v -D__DYNAMIC__ CMakeFortranCompilerId.F -march=skylake -mmmx -mpopcnt -msse -msse2 -msse3 -mssse3 -msse4.1 -msse4.2 -mavx -mavx2 -mno-sse4a -mno-fma4 -mno-xop -mfma -mno-avx512f -mbmi -mbmi2 -maes -mpclmul -mno-avx512vl -mno-avx512bw -mno-avx512dq -mno-avx512cd -mno-avx512er -mno-avx512pf -mno-avx512vbmi -mno-avx512ifma -mno-avx5124vnniw -mno-avx5124fmaps -mno-avx512vpopcntdq -mno-avx512vbmi2 -mno-gfni -mno-vpclmulqdq -mno-avx512vnni -mno-avx512bitalg -mno-avx512bf16 -mno-avx512vp2intersect -mno-3dnow -madx -mabm -mno-cldemote -mclflushopt -mno-clwb -mno-clzero -mcx16 -mno-enqcmd -mf16c -mfsgsbase -mfxsr -mno-hle -msahf -mno-lwp -mlzcnt -mmovbe -mno-movdir64b -mno-movdiri -mno-mwaitx -mno-pconfig -mno-pku -mno-prefetchwt1 -mprfchw -mno-ptwrite -mno-rdpid -mrdrnd -mrdseed -mno-rtm -mno-serialize -msgx -mno-sha -mno-shstk -mno-tbm -mno-tsxldtrk -mno-vaes -mno-waitpkg -mno-wbnoinvd -mxsave -mxsavec -mxsaveopt -mxsaves -mno-amx-tile -mno-amx-int8 -mno-amx-bf16 -mno-uintr -mno-hreset -mno-kl -mno-widekl -mno-avxvnni --param l1-cache-size=32 --param l1-cache-line-size=64 --param l2-cache-size=16384 -mtune=skylake -fPIC -quiet -dumpdir a- -dumpbase CMakeFortranCompilerId.F -dumpbase-ext .F -mmacosx-version-min=10.15.0 -O3 -version -fintrinsic-modules-path /usr/local/Cellar/gcc/11.1.0/lib/gcc/11/gcc/x86_64-apple-darwin19/11.1.0/finclude -o /var/folders/mx/nd9vs4tj1tldpzfxthlhm0vwlpnn7g/T//ccMBlkdr.s
GNU Fortran (Homebrew GCC 11.1.0) version 11.1.0 (x86_64-apple-darwin19)
	compiled by GNU C version 11.1.0, GMP version 6.2.1, MPFR version 4.1.0, MPC version 1.2.1, isl version isl-0.23-GMP

GGC heuristics: --param ggc-min-expand=100 --param ggc-min-heapsize=131072
ignoring nonexistent directory "/Library/Developer/CommandLineTools/SDKs/MacOSX10.15.sdk/usr/local/include"
ignoring nonexistent directory "/usr/local/Cellar/gcc/11.1.0/lib/gcc/11/gcc/x86_64-apple-darwin19/11.1.0/../../../../../../x86_64-apple-darwin19/include"
#include "..." search starts here:
#include <...> search starts here:
 /usr/local/Cellar/gcc/11.1.0/lib/gcc/11/gcc/x86_64-apple-darwin19/11.1.0/finclude
 /usr/local/Cellar/gcc/11.1.0/lib/gcc/11/gcc/x86_64-apple-darwin19/11.1.0/include
 /usr/local/Cellar/gcc/11.1.0/lib/gcc/11/gcc/x86_64-apple-darwin19/11.1.0/include-fixed
 /Library/Developer/CommandLineTools/SDKs/MacOSX10.15.sdk/usr/include
End of search list.
GNU Fortran2008 (Homebrew GCC 11.1.0) version 11.1.0 (x86_64-apple-darwin19)
	compiled by GNU C version 11.1.0, GMP version 6.2.1, MPFR version 4.1.0, MPC version 1.2.1, isl version isl-0.23-GMP

GGC heuristics: --param ggc-min-expand=100 --param ggc-min-heapsize=131072
COLLECT_GCC_OPTIONS='-O3' '-march=native' '-v' '-mmacosx-version-min=10.15.0'  '-shared-libgcc' '-dumpdir' 'a-'
 as -arch x86_64 -v -force_cpusubtype_ALL -mmacosx-version-min=10.15 -o /var/folders/mx/nd9vs4tj1tldpzfxthlhm0vwlpnn7g/T//ccnmsatr.o /var/folders/mx/nd9vs4tj1tldpzfxthlhm0vwlpnn7g/T//ccMBlkdr.s
Apple clang version 12.0.0 (clang-1200.0.32.29)
Target: x86_64-apple-darwin19.6.0
Thread model: posix
InstalledDir: /Library/Developer/CommandLineTools/usr/bin
 "/Library/Developer/CommandLineTools/usr/bin/clang" -cc1as -triple x86_64-apple-macosx10.15.0 -filetype obj -main-file-name ccMBlkdr.s -target-cpu penryn -fdebug-compilation-dir /Users/raro0632/Documents/ORNL_PRACTICUM/SCAMPAM/standalone/build2/CMakeFiles/3.20.2/CompilerIdFortran -dwarf-debug-producer "Apple clang version 12.0.0 (clang-1200.0.32.29)" -dwarf-version=4 -mrelocation-model pic -o /var/folders/mx/nd9vs4tj1tldpzfxthlhm0vwlpnn7g/T//ccnmsatr.o /var/folders/mx/nd9vs4tj1tldpzfxthlhm0vwlpnn7g/T//ccMBlkdr.s
Reading specs from /usr/local/Cellar/gcc/11.1.0/lib/gcc/11/gcc/x86_64-apple-darwin19/11.1.0/../../../libgfortran.spec
rename spec lib to liborig
COLLECT_GCC_OPTIONS='-O3' '-march=native' '-v' '-mmacosx-version-min=10.15.0'  '-shared-libgcc' '-dumpdir' 'a-'
COMPILER_PATH=/usr/local/Cellar/gcc/11.1.0/libexec/gcc/x86_64-apple-darwin19/11.1.0/:/usr/local/Cellar/gcc/11.1.0/libexec/gcc/x86_64-apple-darwin19/11.1.0/:/usr/local/Cellar/gcc/11.1.0/libexec/gcc/x86_64-apple-darwin19/:/usr/local/Cellar/gcc/11.1.0/lib/gcc/11/gcc/x86_64-apple-darwin19/11.1.0/:/usr/local/Cellar/gcc/11.1.0/lib/gcc/11/gcc/x86_64-apple-darwin19/
LIBRARY_PATH=/usr/local/Cellar/gcc/11.1.0/lib/gcc/11/gcc/x86_64-apple-darwin19/11.1.0/:/usr/local/Cellar/gcc/11.1.0/lib/gcc/11/gcc/x86_64-apple-darwin19/11.1.0/../../../
COLLECT_GCC_OPTIONS='-O3' '-march=native' '-v' '-mmacosx-version-min=10.15.0'  '-shared-libgcc' '-dumpdir' 'a.'
 /usr/local/Cellar/gcc/11.1.0/libexec/gcc/x86_64-apple-darwin19/11.1.0/collect2 -syslibroot /Library/Developer/CommandLineTools/SDKs/MacOSX10.15.sdk/ -dynamic -arch x86_64 -macosx_version_min 10.15.0 -weak_reference_mismatches non-weak -o a.out -L/usr/local/Cellar/gcc/11.1.0/lib/gcc/11/gcc/x86_64-apple-darwin19/11.1.0 -L/usr/local/Cellar/gcc/11.1.0/lib/gcc/11/gcc/x86_64-apple-darwin19/11.1.0/../../.. /var/folders/mx/nd9vs4tj1tldpzfxthlhm0vwlpnn7g/T//ccnmsatr.o -lgfortran -lSystem -lgcc_ext.10.5 -lgcc -lquadmath -lm -lgcc_ext.10.5 -lgcc -lSystem -no_compact_unwind -v
collect2 version 11.1.0
/usr/bin/ld -syslibroot /Library/Developer/CommandLineTools/SDKs/MacOSX10.15.sdk/ -dynamic -arch x86_64 -macosx_version_min 10.15.0 -weak_reference_mismatches non-weak -o a.out -L/usr/local/Cellar/gcc/11.1.0/lib/gcc/11/gcc/x86_64-apple-darwin19/11.1.0 -L/usr/local/Cellar/gcc/11.1.0/lib/gcc/11/gcc/x86_64-apple-darwin19/11.1.0/../../.. /var/folders/mx/nd9vs4tj1tldpzfxthlhm0vwlpnn7g/T//ccnmsatr.o -lgfortran -lSystem -lgcc_ext.10.5 -lgcc -lquadmath -lm -lgcc_ext.10.5 -lgcc -lSystem -no_compact_unwind -v
@(#)PROGRAM:ld  PROJECT:ld64-609.8
BUILD 15:07:46 Dec 18 2020
configured to support archs: armv6 armv7 armv7s arm64 arm64e arm64_32 i386 x86_64 x86_64h armv6m armv7k armv7m armv7em
Library search paths:
	/usr/local/Cellar/gcc/11.1.0/lib/gcc/11/gcc/x86_64-apple-darwin19/11.1.0
	/usr/local/Cellar/gcc/11.1.0/lib/gcc/11
	/Library/Developer/CommandLineTools/SDKs/MacOSX10.15.sdk/usr/lib
Framework search paths:
	/Library/Developer/CommandLineTools/SDKs/MacOSX10.15.sdk/System/Library/Frameworks/


Compilation of the Fortran compiler identification source "CMakeFortranCompilerId.F" produced "a.out"

The Fortran compiler identification is GNU, found in "/Users/raro0632/Documents/ORNL_PRACTICUM/SCAMPAM/standalone/build2/CMakeFiles/3.20.2/CompilerIdFortran/a.out"

Detecting Fortran compiler ABI info compiled with the following output:
Change Dir: /Users/raro0632/Documents/ORNL_PRACTICUM/SCAMPAM/standalone/build2/CMakeFiles/CMakeTmp

Run Build Command(s):/usr/bin/make -f Makefile cmTC_4eed3/fast && /Library/Developer/CommandLineTools/usr/bin/make  -f CMakeFiles/cmTC_4eed3.dir/build.make CMakeFiles/cmTC_4eed3.dir/build
Building Fortran object CMakeFiles/cmTC_4eed3.dir/CMakeFortranCompilerABI.F.o
/usr/local/bin/gfortran   -O3 -march=native  -isysroot /Library/Developer/CommandLineTools/SDKs/MacOSX11.1.sdk -mmacosx-version-min=10.15   -v -Wl,-v -c /usr/local/Cellar/cmake/3.20.2/share/cmake/Modules/CMakeFortranCompilerABI.F -o CMakeFiles/cmTC_4eed3.dir/CMakeFortranCompilerABI.F.o
Using built-in specs.
COLLECT_GCC=/usr/local/bin/gfortran
Target: x86_64-apple-darwin19
Configured with: ../configure --prefix=/usr/local/Cellar/gcc/11.1.0 --libdir=/usr/local/Cellar/gcc/11.1.0/lib/gcc/11 --disable-nls --enable-checking=release --enable-languages=c,c++,objc,obj-c++,fortran --program-suffix=-11 --with-gmp=/usr/local/opt/gmp --with-mpfr=/usr/local/opt/mpfr --with-mpc=/usr/local/opt/libmpc --with-isl=/usr/local/opt/isl --with-pkgversion='Homebrew GCC 11.1.0' --with-bugurl=https://github.com/Homebrew/homebrew-core/issues --build=x86_64-apple-darwin19 --with-system-zlib --disable-multilib --with-native-system-header-dir=/usr/include --with-sysroot=/Library/Developer/CommandLineTools/SDKs/MacOSX10.15.sdk
Thread model: posix
Supported LTO compression algorithms: zlib
gcc version 11.1.0 (Homebrew GCC 11.1.0) 
COLLECT_GCC_OPTIONS='-O3' '-march=native' '-isysroot' '/Library/Developer/CommandLineTools/SDKs/MacOSX11.1.sdk' '-v' '-c' '-o' 'CMakeFiles/cmTC_4eed3.dir/CMakeFortranCompilerABI.F.o' '-mmacosx-version-min=10.15' '-asm_macosx_version_min=10.15' '-dumpdir' 'CMakeFiles/cmTC_4eed3.dir/'
 /usr/local/Cellar/gcc/11.1.0/libexec/gcc/x86_64-apple-darwin19/11.1.0/f951 /usr/local/Cellar/cmake/3.20.2/share/cmake/Modules/CMakeFortranCompilerABI.F -ffixed-form -cpp=/var/folders/mx/nd9vs4tj1tldpzfxthlhm0vwlpnn7g/T//cc5sywPB.f90 -quiet -v -D__DYNAMIC__ -isysroot /Library/Developer/CommandLineTools/SDKs/MacOSX11.1.sdk /usr/local/Cellar/cmake/3.20.2/share/cmake/Modules/CMakeFortranCompilerABI.F -march=skylake -mmmx -mpopcnt -msse -msse2 -msse3 -mssse3 -msse4.1 -msse4.2 -mavx -mavx2 -mno-sse4a -mno-fma4 -mno-xop -mfma -mno-avx512f -mbmi -mbmi2 -maes -mpclmul -mno-avx512vl -mno-avx512bw -mno-avx512dq -mno-avx512cd -mno-avx512er -mno-avx512pf -mno-avx512vbmi -mno-avx512ifma -mno-avx5124vnniw -mno-avx5124fmaps -mno-avx512vpopcntdq -mno-avx512vbmi2 -mno-gfni -mno-vpclmulqdq -mno-avx512vnni -mno-avx512bitalg -mno-avx512bf16 -mno-avx512vp2intersect -mno-3dnow -madx -mabm -mno-cldemote -mclflushopt -mno-clwb -mno-clzero -mcx16 -mno-enqcmd -mf16c -mfsgsbase -mfxsr -mno-hle -msahf -mno-lwp -mlzcnt -mmovbe -mno-movdir64b -mno-movdiri -mno-mwaitx -mno-pconfig -mno-pku -mno-prefetchwt1 -mprfchw -mno-ptwrite -mno-rdpid -mrdrnd -mrdseed -mno-rtm -mno-serialize -msgx -mno-sha -mno-shstk -mno-tbm -mno-tsxldtrk -mno-vaes -mno-waitpkg -mno-wbnoinvd -mxsave -mxsavec -mxsaveopt -mxsaves -mno-amx-tile -mno-amx-int8 -mno-amx-bf16 -mno-uintr -mno-hreset -mno-kl -mno-widekl -mno-avxvnni --param l1-cache-size=32 --param l1-cache-line-size=64 --param l2-cache-size=16384 -mtune=skylake -fPIC -quiet -dumpdir CMakeFiles/cmTC_4eed3.dir/ -dumpbase CMakeFortranCompilerABI.F.F -dumpbase-ext .F -mmacosx-version-min=10.15 -O3 -version -fintrinsic-modules-path /usr/local/Cellar/gcc/11.1.0/lib/gcc/11/gcc/x86_64-apple-darwin19/11.1.0/finclude -o /var/folders/mx/nd9vs4tj1tldpzfxthlhm0vwlpnn7g/T//ccizyyAU.s
GNU Fortran (Homebrew GCC 11.1.0) version 11.1.0 (x86_64-apple-darwin19)
	compiled by GNU C version 11.1.0, GMP version 6.2.1, MPFR version 4.1.0, MPC version 1.2.1, isl version isl-0.23-GMP

GGC heuristics: --param ggc-min-expand=100 --param ggc-min-heapsize=131072
ignoring nonexistent directory "/Library/Developer/CommandLineTools/SDKs/MacOSX11.1.sdk/usr/local/include"
ignoring nonexistent directory "/usr/local/Cellar/gcc/11.1.0/lib/gcc/11/gcc/x86_64-apple-darwin19/11.1.0/../../../../../../x86_64-apple-darwin19/include"
#include "..." search starts here:
#include <...> search starts here:
 /usr/local/Cellar/gcc/11.1.0/lib/gcc/11/gcc/x86_64-apple-darwin19/11.1.0/finclude
 /usr/local/Cellar/gcc/11.1.0/lib/gcc/11/gcc/x86_64-apple-darwin19/11.1.0/include
 /usr/local/Cellar/gcc/11.1.0/lib/gcc/11/gcc/x86_64-apple-darwin19/11.1.0/include-fixed
 /Library/Developer/CommandLineTools/SDKs/MacOSX11.1.sdk/usr/include
End of search list.
GNU Fortran2008 (Homebrew GCC 11.1.0) version 11.1.0 (x86_64-apple-darwin19)
	compiled by GNU C version 11.1.0, GMP version 6.2.1, MPFR version 4.1.0, MPC version 1.2.1, isl version isl-0.23-GMP

GGC heuristics: --param ggc-min-expand=100 --param ggc-min-heapsize=131072
COLLECT_GCC_OPTIONS='-O3' '-march=native' '-isysroot' '/Library/Developer/CommandLineTools/SDKs/MacOSX11.1.sdk' '-v' '-c' '-o' 'CMakeFiles/cmTC_4eed3.dir/CMakeFortranCompilerABI.F.o' '-mmacosx-version-min=10.15'  '-dumpdir' 'CMakeFiles/cmTC_4eed3.dir/'
 as -arch x86_64 -v -force_cpusubtype_ALL -mmacosx-version-min=10.15 -o CMakeFiles/cmTC_4eed3.dir/CMakeFortranCompilerABI.F.o /var/folders/mx/nd9vs4tj1tldpzfxthlhm0vwlpnn7g/T//ccizyyAU.s
Apple clang version 12.0.0 (clang-1200.0.32.29)
Target: x86_64-apple-darwin19.6.0
Thread model: posix
InstalledDir: /Library/Developer/CommandLineTools/usr/bin
 "/Library/Developer/CommandLineTools/usr/bin/clang" -cc1as -triple x86_64-apple-macosx10.15.0 -filetype obj -main-file-name ccizyyAU.s -target-cpu penryn -fdebug-compilation-dir /Users/raro0632/Documents/ORNL_PRACTICUM/SCAMPAM/standalone/build2/CMakeFiles/CMakeTmp -dwarf-debug-producer "Apple clang version 12.0.0 (clang-1200.0.32.29)" -dwarf-version=4 -mrelocation-model pic -o CMakeFiles/cmTC_4eed3.dir/CMakeFortranCompilerABI.F.o /var/folders/mx/nd9vs4tj1tldpzfxthlhm0vwlpnn7g/T//ccizyyAU.s
COMPILER_PATH=/usr/local/Cellar/gcc/11.1.0/libexec/gcc/x86_64-apple-darwin19/11.1.0/:/usr/local/Cellar/gcc/11.1.0/libexec/gcc/x86_64-apple-darwin19/11.1.0/:/usr/local/Cellar/gcc/11.1.0/libexec/gcc/x86_64-apple-darwin19/:/usr/local/Cellar/gcc/11.1.0/lib/gcc/11/gcc/x86_64-apple-darwin19/11.1.0/:/usr/local/Cellar/gcc/11.1.0/lib/gcc/11/gcc/x86_64-apple-darwin19/
LIBRARY_PATH=/usr/local/Cellar/gcc/11.1.0/lib/gcc/11/gcc/x86_64-apple-darwin19/11.1.0/:/usr/local/Cellar/gcc/11.1.0/lib/gcc/11/gcc/x86_64-apple-darwin19/11.1.0/../../../
COLLECT_GCC_OPTIONS='-O3' '-march=native' '-isysroot' '/Library/Developer/CommandLineTools/SDKs/MacOSX11.1.sdk' '-v' '-c' '-o' 'CMakeFiles/cmTC_4eed3.dir/CMakeFortranCompilerABI.F.o' '-mmacosx-version-min=10.15'  '-dumpdir' 'CMakeFiles/cmTC_4eed3.dir/CMakeFortranCompilerABI.F.'
Linking Fortran executable cmTC_4eed3
/usr/local/Cellar/cmake/3.20.2/bin/cmake -E cmake_link_script CMakeFiles/cmTC_4eed3.dir/link.txt --verbose=1
/usr/local/bin/gfortran  -v -Wl,-v -O3 -march=native  -isysroot /Library/Developer/CommandLineTools/SDKs/MacOSX11.1.sdk -mmacosx-version-min=10.15 CMakeFiles/cmTC_4eed3.dir/CMakeFortranCompilerABI.F.o -o cmTC_4eed3 
Driving: /usr/local/bin/gfortran -v -Wl,-v -O3 -march=native -isysroot /Library/Developer/CommandLineTools/SDKs/MacOSX11.1.sdk CMakeFiles/cmTC_4eed3.dir/CMakeFortranCompilerABI.F.o -o cmTC_4eed3 -mmacosx-version-min=10.15 -asm_macosx_version_min=10.15 -l gfortran -shared-libgcc
Using built-in specs.
COLLECT_GCC=/usr/local/bin/gfortran
COLLECT_LTO_WRAPPER=/usr/local/Cellar/gcc/11.1.0/libexec/gcc/x86_64-apple-darwin19/11.1.0/lto-wrapper
Target: x86_64-apple-darwin19
Configured with: ../configure --prefix=/usr/local/Cellar/gcc/11.1.0 --libdir=/usr/local/Cellar/gcc/11.1.0/lib/gcc/11 --disable-nls --enable-checking=release --enable-languages=c,c++,objc,obj-c++,fortran --program-suffix=-11 --with-gmp=/usr/local/opt/gmp --with-mpfr=/usr/local/opt/mpfr --with-mpc=/usr/local/opt/libmpc --with-isl=/usr/local/opt/isl --with-pkgversion='Homebrew GCC 11.1.0' --with-bugurl=https://github.com/Homebrew/homebrew-core/issues --build=x86_64-apple-darwin19 --with-system-zlib --disable-multilib --with-native-system-header-dir=/usr/include --with-sysroot=/Library/Developer/CommandLineTools/SDKs/MacOSX10.15.sdk
Thread model: posix
Supported LTO compression algorithms: zlib
gcc version 11.1.0 (Homebrew GCC 11.1.0) 
Reading specs from /usr/local/Cellar/gcc/11.1.0/lib/gcc/11/gcc/x86_64-apple-darwin19/11.1.0/../../../libgfortran.spec
rename spec lib to liborig
COLLECT_GCC_OPTIONS='-v' '-O3' '-march=native' '-isysroot' '/Library/Developer/CommandLineTools/SDKs/MacOSX11.1.sdk' '-o' 'cmTC_4eed3' '-mmacosx-version-min=10.15' '-asm_macosx_version_min=10.15' '-shared-libgcc' '-dumpdir' 'cmTC_4eed3-'
COMPILER_PATH=/usr/local/Cellar/gcc/11.1.0/libexec/gcc/x86_64-apple-darwin19/11.1.0/:/usr/local/Cellar/gcc/11.1.0/libexec/gcc/x86_64-apple-darwin19/11.1.0/:/usr/local/Cellar/gcc/11.1.0/libexec/gcc/x86_64-apple-darwin19/:/usr/local/Cellar/gcc/11.1.0/lib/gcc/11/gcc/x86_64-apple-darwin19/11.1.0/:/usr/local/Cellar/gcc/11.1.0/lib/gcc/11/gcc/x86_64-apple-darwin19/
LIBRARY_PATH=/usr/local/Cellar/gcc/11.1.0/lib/gcc/11/gcc/x86_64-apple-darwin19/11.1.0/:/usr/local/Cellar/gcc/11.1.0/lib/gcc/11/gcc/x86_64-apple-darwin19/11.1.0/../../../
COLLECT_GCC_OPTIONS='-v' '-O3' '-march=native' '-isysroot' '/Library/Developer/CommandLineTools/SDKs/MacOSX11.1.sdk' '-o' 'cmTC_4eed3' '-mmacosx-version-min=10.15' '-asm_macosx_version_min=10.15' '-shared-libgcc' '-dumpdir' 'cmTC_4eed3.'
 /usr/local/Cellar/gcc/11.1.0/libexec/gcc/x86_64-apple-darwin19/11.1.0/collect2 -dynamic -arch x86_64 -macosx_version_min 10.15 -syslibroot /Library/Developer/CommandLineTools/SDKs/MacOSX11.1.sdk -weak_reference_mismatches non-weak -o cmTC_4eed3 -L/usr/local/Cellar/gcc/11.1.0/lib/gcc/11/gcc/x86_64-apple-darwin19/11.1.0 -L/usr/local/Cellar/gcc/11.1.0/lib/gcc/11/gcc/x86_64-apple-darwin19/11.1.0/../../.. -v CMakeFiles/cmTC_4eed3.dir/CMakeFortranCompilerABI.F.o -lgfortran -lSystem -lgcc_ext.10.5 -lgcc -lquadmath -lm -lgcc_ext.10.5 -lgcc -lSystem -no_compact_unwind -v
collect2 version 11.1.0
/usr/bin/ld -dynamic -arch x86_64 -macosx_version_min 10.15 -syslibroot /Library/Developer/CommandLineTools/SDKs/MacOSX11.1.sdk -weak_reference_mismatches non-weak -o cmTC_4eed3 -L/usr/local/Cellar/gcc/11.1.0/lib/gcc/11/gcc/x86_64-apple-darwin19/11.1.0 -L/usr/local/Cellar/gcc/11.1.0/lib/gcc/11/gcc/x86_64-apple-darwin19/11.1.0/../../.. -v CMakeFiles/cmTC_4eed3.dir/CMakeFortranCompilerABI.F.o -lgfortran -lSystem -lgcc_ext.10.5 -lgcc -lquadmath -lm -lgcc_ext.10.5 -lgcc -lSystem -no_compact_unwind -v
@(#)PROGRAM:ld  PROJECT:ld64-609.8
BUILD 15:07:46 Dec 18 2020
configured to support archs: armv6 armv7 armv7s arm64 arm64e arm64_32 i386 x86_64 x86_64h armv6m armv7k armv7m armv7em
@(#)PROGRAM:ld  PROJECT:ld64-609.8
BUILD 15:07:46 Dec 18 2020
configured to support archs: armv6 armv7 armv7s arm64 arm64e arm64_32 i386 x86_64 x86_64h armv6m armv7k armv7m armv7em
Library search paths:
	/usr/local/Cellar/gcc/11.1.0/lib/gcc/11/gcc/x86_64-apple-darwin19/11.1.0
	/usr/local/Cellar/gcc/11.1.0/lib/gcc/11
	/Library/Developer/CommandLineTools/SDKs/MacOSX11.1.sdk/usr/lib
Framework search paths:
	/Library/Developer/CommandLineTools/SDKs/MacOSX11.1.sdk/System/Library/Frameworks/



Parsed Fortran implicit include dir info from above output: rv=done
  found start of include info
  found start of implicit include info
    add: [/usr/local/Cellar/gcc/11.1.0/lib/gcc/11/gcc/x86_64-apple-darwin19/11.1.0/finclude]
    add: [/usr/local/Cellar/gcc/11.1.0/lib/gcc/11/gcc/x86_64-apple-darwin19/11.1.0/include]
    add: [/usr/local/Cellar/gcc/11.1.0/lib/gcc/11/gcc/x86_64-apple-darwin19/11.1.0/include-fixed]
    add: [/Library/Developer/CommandLineTools/SDKs/MacOSX11.1.sdk/usr/include]
  end of search list found
  collapse include dir [/usr/local/Cellar/gcc/11.1.0/lib/gcc/11/gcc/x86_64-apple-darwin19/11.1.0/finclude] ==> [/usr/local/Cellar/gcc/11.1.0/lib/gcc/11/gcc/x86_64-apple-darwin19/11.1.0/finclude]
  collapse include dir [/usr/local/Cellar/gcc/11.1.0/lib/gcc/11/gcc/x86_64-apple-darwin19/11.1.0/include] ==> [/usr/local/Cellar/gcc/11.1.0/lib/gcc/11/gcc/x86_64-apple-darwin19/11.1.0/include]
  collapse include dir [/usr/local/Cellar/gcc/11.1.0/lib/gcc/11/gcc/x86_64-apple-darwin19/11.1.0/include-fixed] ==> [/usr/local/Cellar/gcc/11.1.0/lib/gcc/11/gcc/x86_64-apple-darwin19/11.1.0/include-fixed]
  collapse include dir [/Library/Developer/CommandLineTools/SDKs/MacOSX11.1.sdk/usr/include] ==> [/Library/Developer/CommandLineTools/SDKs/MacOSX11.1.sdk/usr/include]
  implicit include dirs: [/usr/local/Cellar/gcc/11.1.0/lib/gcc/11/gcc/x86_64-apple-darwin19/11.1.0/finclude;/usr/local/Cellar/gcc/11.1.0/lib/gcc/11/gcc/x86_64-apple-darwin19/11.1.0/include;/usr/local/Cellar/gcc/11.1.0/lib/gcc/11/gcc/x86_64-apple-darwin19/11.1.0/include-fixed;/Library/Developer/CommandLineTools/SDKs/MacOSX11.1.sdk/usr/include]


Parsed Fortran implicit link information from above output:
  link line regex: [^( *|.*[/\])(ld|CMAKE_LINK_STARTFILE-NOTFOUND|([^/\]+-)?ld|collect2)[^/\]*( |$)]
  ignore line: [Change Dir: /Users/raro0632/Documents/ORNL_PRACTICUM/SCAMPAM/standalone/build2/CMakeFiles/CMakeTmp]
  ignore line: []
  ignore line: [Run Build Command(s):/usr/bin/make -f Makefile cmTC_4eed3/fast && /Library/Developer/CommandLineTools/usr/bin/make  -f CMakeFiles/cmTC_4eed3.dir/build.make CMakeFiles/cmTC_4eed3.dir/build]
  ignore line: [Building Fortran object CMakeFiles/cmTC_4eed3.dir/CMakeFortranCompilerABI.F.o]
  ignore line: [/usr/local/bin/gfortran   -O3 -march=native  -isysroot /Library/Developer/CommandLineTools/SDKs/MacOSX11.1.sdk -mmacosx-version-min=10.15   -v -Wl -v -c /usr/local/Cellar/cmake/3.20.2/share/cmake/Modules/CMakeFortranCompilerABI.F -o CMakeFiles/cmTC_4eed3.dir/CMakeFortranCompilerABI.F.o]
  ignore line: [Using built-in specs.]
  ignore line: [COLLECT_GCC=/usr/local/bin/gfortran]
  ignore line: [Target: x86_64-apple-darwin19]
  ignore line: [Configured with: ../configure --prefix=/usr/local/Cellar/gcc/11.1.0 --libdir=/usr/local/Cellar/gcc/11.1.0/lib/gcc/11 --disable-nls --enable-checking=release --enable-languages=c c++ objc obj-c++ fortran --program-suffix=-11 --with-gmp=/usr/local/opt/gmp --with-mpfr=/usr/local/opt/mpfr --with-mpc=/usr/local/opt/libmpc --with-isl=/usr/local/opt/isl --with-pkgversion='Homebrew GCC 11.1.0' --with-bugurl=https://github.com/Homebrew/homebrew-core/issues --build=x86_64-apple-darwin19 --with-system-zlib --disable-multilib --with-native-system-header-dir=/usr/include --with-sysroot=/Library/Developer/CommandLineTools/SDKs/MacOSX10.15.sdk]
  ignore line: [Thread model: posix]
  ignore line: [Supported LTO compression algorithms: zlib]
  ignore line: [gcc version 11.1.0 (Homebrew GCC 11.1.0) ]
  ignore line: [COLLECT_GCC_OPTIONS='-O3' '-march=native' '-isysroot' '/Library/Developer/CommandLineTools/SDKs/MacOSX11.1.sdk' '-v' '-c' '-o' 'CMakeFiles/cmTC_4eed3.dir/CMakeFortranCompilerABI.F.o' '-mmacosx-version-min=10.15' '-asm_macosx_version_min=10.15' '-dumpdir' 'CMakeFiles/cmTC_4eed3.dir/']
  ignore line: [ /usr/local/Cellar/gcc/11.1.0/libexec/gcc/x86_64-apple-darwin19/11.1.0/f951 /usr/local/Cellar/cmake/3.20.2/share/cmake/Modules/CMakeFortranCompilerABI.F -ffixed-form -cpp=/var/folders/mx/nd9vs4tj1tldpzfxthlhm0vwlpnn7g/T//cc5sywPB.f90 -quiet -v -D__DYNAMIC__ -isysroot /Library/Developer/CommandLineTools/SDKs/MacOSX11.1.sdk /usr/local/Cellar/cmake/3.20.2/share/cmake/Modules/CMakeFortranCompilerABI.F -march=skylake -mmmx -mpopcnt -msse -msse2 -msse3 -mssse3 -msse4.1 -msse4.2 -mavx -mavx2 -mno-sse4a -mno-fma4 -mno-xop -mfma -mno-avx512f -mbmi -mbmi2 -maes -mpclmul -mno-avx512vl -mno-avx512bw -mno-avx512dq -mno-avx512cd -mno-avx512er -mno-avx512pf -mno-avx512vbmi -mno-avx512ifma -mno-avx5124vnniw -mno-avx5124fmaps -mno-avx512vpopcntdq -mno-avx512vbmi2 -mno-gfni -mno-vpclmulqdq -mno-avx512vnni -mno-avx512bitalg -mno-avx512bf16 -mno-avx512vp2intersect -mno-3dnow -madx -mabm -mno-cldemote -mclflushopt -mno-clwb -mno-clzero -mcx16 -mno-enqcmd -mf16c -mfsgsbase -mfxsr -mno-hle -msahf -mno-lwp -mlzcnt -mmovbe -mno-movdir64b -mno-movdiri -mno-mwaitx -mno-pconfig -mno-pku -mno-prefetchwt1 -mprfchw -mno-ptwrite -mno-rdpid -mrdrnd -mrdseed -mno-rtm -mno-serialize -msgx -mno-sha -mno-shstk -mno-tbm -mno-tsxldtrk -mno-vaes -mno-waitpkg -mno-wbnoinvd -mxsave -mxsavec -mxsaveopt -mxsaves -mno-amx-tile -mno-amx-int8 -mno-amx-bf16 -mno-uintr -mno-hreset -mno-kl -mno-widekl -mno-avxvnni --param l1-cache-size=32 --param l1-cache-line-size=64 --param l2-cache-size=16384 -mtune=skylake -fPIC -quiet -dumpdir CMakeFiles/cmTC_4eed3.dir/ -dumpbase CMakeFortranCompilerABI.F.F -dumpbase-ext .F -mmacosx-version-min=10.15 -O3 -version -fintrinsic-modules-path /usr/local/Cellar/gcc/11.1.0/lib/gcc/11/gcc/x86_64-apple-darwin19/11.1.0/finclude -o /var/folders/mx/nd9vs4tj1tldpzfxthlhm0vwlpnn7g/T//ccizyyAU.s]
  ignore line: [GNU Fortran (Homebrew GCC 11.1.0) version 11.1.0 (x86_64-apple-darwin19)]
  ignore line: [	compiled by GNU C version 11.1.0  GMP version 6.2.1  MPFR version 4.1.0  MPC version 1.2.1  isl version isl-0.23-GMP]
  ignore line: []
  ignore line: [GGC heuristics: --param ggc-min-expand=100 --param ggc-min-heapsize=131072]
  ignore line: [ignoring nonexistent directory "/Library/Developer/CommandLineTools/SDKs/MacOSX11.1.sdk/usr/local/include"]
  ignore line: [ignoring nonexistent directory "/usr/local/Cellar/gcc/11.1.0/lib/gcc/11/gcc/x86_64-apple-darwin19/11.1.0/../../../../../../x86_64-apple-darwin19/include"]
  ignore line: [#include "..." search starts here:]
  ignore line: [#include <...> search starts here:]
  ignore line: [ /usr/local/Cellar/gcc/11.1.0/lib/gcc/11/gcc/x86_64-apple-darwin19/11.1.0/finclude]
  ignore line: [ /usr/local/Cellar/gcc/11.1.0/lib/gcc/11/gcc/x86_64-apple-darwin19/11.1.0/include]
  ignore line: [ /usr/local/Cellar/gcc/11.1.0/lib/gcc/11/gcc/x86_64-apple-darwin19/11.1.0/include-fixed]
  ignore line: [ /Library/Developer/CommandLineTools/SDKs/MacOSX11.1.sdk/usr/include]
  ignore line: [End of search list.]
  ignore line: [GNU Fortran2008 (Homebrew GCC 11.1.0) version 11.1.0 (x86_64-apple-darwin19)]
  ignore line: [	compiled by GNU C version 11.1.0  GMP version 6.2.1  MPFR version 4.1.0  MPC version 1.2.1  isl version isl-0.23-GMP]
  ignore line: []
  ignore line: [GGC heuristics: --param ggc-min-expand=100 --param ggc-min-heapsize=131072]
  ignore line: [COLLECT_GCC_OPTIONS='-O3' '-march=native' '-isysroot' '/Library/Developer/CommandLineTools/SDKs/MacOSX11.1.sdk' '-v' '-c' '-o' 'CMakeFiles/cmTC_4eed3.dir/CMakeFortranCompilerABI.F.o' '-mmacosx-version-min=10.15'  '-dumpdir' 'CMakeFiles/cmTC_4eed3.dir/']
  ignore line: [ as -arch x86_64 -v -force_cpusubtype_ALL -mmacosx-version-min=10.15 -o CMakeFiles/cmTC_4eed3.dir/CMakeFortranCompilerABI.F.o /var/folders/mx/nd9vs4tj1tldpzfxthlhm0vwlpnn7g/T//ccizyyAU.s]
  ignore line: [Apple clang version 12.0.0 (clang-1200.0.32.29)]
  ignore line: [Target: x86_64-apple-darwin19.6.0]
  ignore line: [Thread model: posix]
  ignore line: [InstalledDir: /Library/Developer/CommandLineTools/usr/bin]
  ignore line: [ "/Library/Developer/CommandLineTools/usr/bin/clang" -cc1as -triple x86_64-apple-macosx10.15.0 -filetype obj -main-file-name ccizyyAU.s -target-cpu penryn -fdebug-compilation-dir /Users/raro0632/Documents/ORNL_PRACTICUM/SCAMPAM/standalone/build2/CMakeFiles/CMakeTmp -dwarf-debug-producer "Apple clang version 12.0.0 (clang-1200.0.32.29)" -dwarf-version=4 -mrelocation-model pic -o CMakeFiles/cmTC_4eed3.dir/CMakeFortranCompilerABI.F.o /var/folders/mx/nd9vs4tj1tldpzfxthlhm0vwlpnn7g/T//ccizyyAU.s]
  ignore line: [COMPILER_PATH=/usr/local/Cellar/gcc/11.1.0/libexec/gcc/x86_64-apple-darwin19/11.1.0/:/usr/local/Cellar/gcc/11.1.0/libexec/gcc/x86_64-apple-darwin19/11.1.0/:/usr/local/Cellar/gcc/11.1.0/libexec/gcc/x86_64-apple-darwin19/:/usr/local/Cellar/gcc/11.1.0/lib/gcc/11/gcc/x86_64-apple-darwin19/11.1.0/:/usr/local/Cellar/gcc/11.1.0/lib/gcc/11/gcc/x86_64-apple-darwin19/]
  ignore line: [LIBRARY_PATH=/usr/local/Cellar/gcc/11.1.0/lib/gcc/11/gcc/x86_64-apple-darwin19/11.1.0/:/usr/local/Cellar/gcc/11.1.0/lib/gcc/11/gcc/x86_64-apple-darwin19/11.1.0/../../../]
  ignore line: [COLLECT_GCC_OPTIONS='-O3' '-march=native' '-isysroot' '/Library/Developer/CommandLineTools/SDKs/MacOSX11.1.sdk' '-v' '-c' '-o' 'CMakeFiles/cmTC_4eed3.dir/CMakeFortranCompilerABI.F.o' '-mmacosx-version-min=10.15'  '-dumpdir' 'CMakeFiles/cmTC_4eed3.dir/CMakeFortranCompilerABI.F.']
  ignore line: [Linking Fortran executable cmTC_4eed3]
  ignore line: [/usr/local/Cellar/cmake/3.20.2/bin/cmake -E cmake_link_script CMakeFiles/cmTC_4eed3.dir/link.txt --verbose=1]
  ignore line: [/usr/local/bin/gfortran  -v -Wl -v -O3 -march=native  -isysroot /Library/Developer/CommandLineTools/SDKs/MacOSX11.1.sdk -mmacosx-version-min=10.15 CMakeFiles/cmTC_4eed3.dir/CMakeFortranCompilerABI.F.o -o cmTC_4eed3 ]
  ignore line: [Driving: /usr/local/bin/gfortran -v -Wl -v -O3 -march=native -isysroot /Library/Developer/CommandLineTools/SDKs/MacOSX11.1.sdk CMakeFiles/cmTC_4eed3.dir/CMakeFortranCompilerABI.F.o -o cmTC_4eed3 -mmacosx-version-min=10.15 -asm_macosx_version_min=10.15 -l gfortran -shared-libgcc]
  ignore line: [Using built-in specs.]
  ignore line: [COLLECT_GCC=/usr/local/bin/gfortran]
  ignore line: [COLLECT_LTO_WRAPPER=/usr/local/Cellar/gcc/11.1.0/libexec/gcc/x86_64-apple-darwin19/11.1.0/lto-wrapper]
  ignore line: [Target: x86_64-apple-darwin19]
  ignore line: [Configured with: ../configure --prefix=/usr/local/Cellar/gcc/11.1.0 --libdir=/usr/local/Cellar/gcc/11.1.0/lib/gcc/11 --disable-nls --enable-checking=release --enable-languages=c c++ objc obj-c++ fortran --program-suffix=-11 --with-gmp=/usr/local/opt/gmp --with-mpfr=/usr/local/opt/mpfr --with-mpc=/usr/local/opt/libmpc --with-isl=/usr/local/opt/isl --with-pkgversion='Homebrew GCC 11.1.0' --with-bugurl=https://github.com/Homebrew/homebrew-core/issues --build=x86_64-apple-darwin19 --with-system-zlib --disable-multilib --with-native-system-header-dir=/usr/include --with-sysroot=/Library/Developer/CommandLineTools/SDKs/MacOSX10.15.sdk]
  ignore line: [Thread model: posix]
  ignore line: [Supported LTO compression algorithms: zlib]
  ignore line: [gcc version 11.1.0 (Homebrew GCC 11.1.0) ]
  ignore line: [Reading specs from /usr/local/Cellar/gcc/11.1.0/lib/gcc/11/gcc/x86_64-apple-darwin19/11.1.0/../../../libgfortran.spec]
  ignore line: [rename spec lib to liborig]
  ignore line: [COLLECT_GCC_OPTIONS='-v' '-O3' '-march=native' '-isysroot' '/Library/Developer/CommandLineTools/SDKs/MacOSX11.1.sdk' '-o' 'cmTC_4eed3' '-mmacosx-version-min=10.15' '-asm_macosx_version_min=10.15' '-shared-libgcc' '-dumpdir' 'cmTC_4eed3-']
  ignore line: [COMPILER_PATH=/usr/local/Cellar/gcc/11.1.0/libexec/gcc/x86_64-apple-darwin19/11.1.0/:/usr/local/Cellar/gcc/11.1.0/libexec/gcc/x86_64-apple-darwin19/11.1.0/:/usr/local/Cellar/gcc/11.1.0/libexec/gcc/x86_64-apple-darwin19/:/usr/local/Cellar/gcc/11.1.0/lib/gcc/11/gcc/x86_64-apple-darwin19/11.1.0/:/usr/local/Cellar/gcc/11.1.0/lib/gcc/11/gcc/x86_64-apple-darwin19/]
  ignore line: [LIBRARY_PATH=/usr/local/Cellar/gcc/11.1.0/lib/gcc/11/gcc/x86_64-apple-darwin19/11.1.0/:/usr/local/Cellar/gcc/11.1.0/lib/gcc/11/gcc/x86_64-apple-darwin19/11.1.0/../../../]
  ignore line: [COLLECT_GCC_OPTIONS='-v' '-O3' '-march=native' '-isysroot' '/Library/Developer/CommandLineTools/SDKs/MacOSX11.1.sdk' '-o' 'cmTC_4eed3' '-mmacosx-version-min=10.15' '-asm_macosx_version_min=10.15' '-shared-libgcc' '-dumpdir' 'cmTC_4eed3.']
  link line: [ /usr/local/Cellar/gcc/11.1.0/libexec/gcc/x86_64-apple-darwin19/11.1.0/collect2 -dynamic -arch x86_64 -macosx_version_min 10.15 -syslibroot /Library/Developer/CommandLineTools/SDKs/MacOSX11.1.sdk -weak_reference_mismatches non-weak -o cmTC_4eed3 -L/usr/local/Cellar/gcc/11.1.0/lib/gcc/11/gcc/x86_64-apple-darwin19/11.1.0 -L/usr/local/Cellar/gcc/11.1.0/lib/gcc/11/gcc/x86_64-apple-darwin19/11.1.0/../../.. -v CMakeFiles/cmTC_4eed3.dir/CMakeFortranCompilerABI.F.o -lgfortran -lSystem -lgcc_ext.10.5 -lgcc -lquadmath -lm -lgcc_ext.10.5 -lgcc -lSystem -no_compact_unwind -v]
    arg [/usr/local/Cellar/gcc/11.1.0/libexec/gcc/x86_64-apple-darwin19/11.1.0/collect2] ==> ignore
    arg [-dynamic] ==> ignore
    arg [-arch] ==> ignore
    arg [x86_64] ==> ignore
    arg [-macosx_version_min] ==> ignore
    arg [10.15] ==> ignore
    arg [-syslibroot] ==> ignore
    arg [/Library/Developer/CommandLineTools/SDKs/MacOSX11.1.sdk] ==> ignore
    arg [-weak_reference_mismatches] ==> ignore
    arg [non-weak] ==> ignore
    arg [-o] ==> ignore
    arg [cmTC_4eed3] ==> ignore
    arg [-L/usr/local/Cellar/gcc/11.1.0/lib/gcc/11/gcc/x86_64-apple-darwin19/11.1.0] ==> dir [/usr/local/Cellar/gcc/11.1.0/lib/gcc/11/gcc/x86_64-apple-darwin19/11.1.0]
    arg [-L/usr/local/Cellar/gcc/11.1.0/lib/gcc/11/gcc/x86_64-apple-darwin19/11.1.0/../../..] ==> dir [/usr/local/Cellar/gcc/11.1.0/lib/gcc/11/gcc/x86_64-apple-darwin19/11.1.0/../../..]
    arg [-v] ==> ignore
    arg [CMakeFiles/cmTC_4eed3.dir/CMakeFortranCompilerABI.F.o] ==> ignore
    arg [-lgfortran] ==> lib [gfortran]
    arg [-lSystem] ==> lib [System]
    arg [-lgcc_ext.10.5] ==> lib [gcc_ext.10.5]
    arg [-lgcc] ==> lib [gcc]
    arg [-lquadmath] ==> lib [quadmath]
    arg [-lm] ==> lib [m]
    arg [-lgcc_ext.10.5] ==> lib [gcc_ext.10.5]
    arg [-lgcc] ==> lib [gcc]
    arg [-lSystem] ==> lib [System]
    arg [-no_compact_unwind] ==> ignore
    arg [-v] ==> ignore
  Library search paths: [;/usr/local/Cellar/gcc/11.1.0/lib/gcc/11/gcc/x86_64-apple-darwin19/11.1.0;/usr/local/Cellar/gcc/11.1.0/lib/gcc/11;/Library/Developer/CommandLineTools/SDKs/MacOSX11.1.sdk/usr/lib]
  Framework search paths: [;/Library/Developer/CommandLineTools/SDKs/MacOSX11.1.sdk/System/Library/Frameworks/]
  remove lib [System]
  remove lib [System]
  collapse library dir [/usr/local/Cellar/gcc/11.1.0/lib/gcc/11/gcc/x86_64-apple-darwin19/11.1.0] ==> [/usr/local/Cellar/gcc/11.1.0/lib/gcc/11/gcc/x86_64-apple-darwin19/11.1.0]
  collapse library dir [/usr/local/Cellar/gcc/11.1.0/lib/gcc/11/gcc/x86_64-apple-darwin19/11.1.0/../../..] ==> [/usr/local/Cellar/gcc/11.1.0/lib/gcc/11]
  collapse library dir [/usr/local/Cellar/gcc/11.1.0/lib/gcc/11/gcc/x86_64-apple-darwin19/11.1.0] ==> [/usr/local/Cellar/gcc/11.1.0/lib/gcc/11/gcc/x86_64-apple-darwin19/11.1.0]
  collapse library dir [/usr/local/Cellar/gcc/11.1.0/lib/gcc/11] ==> [/usr/local/Cellar/gcc/11.1.0/lib/gcc/11]
  collapse library dir [/Library/Developer/CommandLineTools/SDKs/MacOSX11.1.sdk/usr/lib] ==> [/Library/Developer/CommandLineTools/SDKs/MacOSX11.1.sdk/usr/lib]
  collapse framework dir [/Library/Developer/CommandLineTools/SDKs/MacOSX11.1.sdk/System/Library/Frameworks/] ==> [/Library/Developer/CommandLineTools/SDKs/MacOSX11.1.sdk/System/Library/Frameworks]
  implicit libs: [gfortran;gcc_ext.10.5;gcc;quadmath;m;gcc_ext.10.5;gcc]
  implicit objs: []
  implicit dirs: [/usr/local/Cellar/gcc/11.1.0/lib/gcc/11/gcc/x86_64-apple-darwin19/11.1.0;/usr/local/Cellar/gcc/11.1.0/lib/gcc/11;/Library/Developer/CommandLineTools/SDKs/MacOSX11.1.sdk/usr/lib]
  implicit fwks: [/Library/Developer/CommandLineTools/SDKs/MacOSX11.1.sdk/System/Library/Frameworks]


Determining if the Fortran compiler supports Fortran 90 passed with the following output:
Change Dir: /Users/raro0632/Documents/ORNL_PRACTICUM/SCAMPAM/standalone/build2/CMakeFiles/CMakeTmp

Run Build Command(s):/usr/bin/make -f Makefile cmTC_0fcfa/fast && /Library/Developer/CommandLineTools/usr/bin/make  -f CMakeFiles/cmTC_0fcfa.dir/build.make CMakeFiles/cmTC_0fcfa.dir/build
Building Fortran object CMakeFiles/cmTC_0fcfa.dir/testFortranCompilerF90.f90.o
/usr/local/bin/gfortran   -O3 -march=native  -isysroot /Library/Developer/CommandLineTools/SDKs/MacOSX11.1.sdk -mmacosx-version-min=10.15 -c /Users/raro0632/Documents/ORNL_PRACTICUM/SCAMPAM/standalone/build2/CMakeFiles/CMakeTmp/testFortranCompilerF90.f90 -o CMakeFiles/cmTC_0fcfa.dir/testFortranCompilerF90.f90.o
Linking Fortran executable cmTC_0fcfa
/usr/local/Cellar/cmake/3.20.2/bin/cmake -E cmake_link_script CMakeFiles/cmTC_0fcfa.dir/link.txt --verbose=1
/usr/local/bin/gfortran -O3 -march=native  -isysroot /Library/Developer/CommandLineTools/SDKs/MacOSX11.1.sdk -mmacosx-version-min=10.15 CMakeFiles/cmTC_0fcfa.dir/testFortranCompilerF90.f90.o -o cmTC_0fcfa 



